<?xml version="1.0" encoding="UTF-8"?>
<testsuite name="Mantis Executionon Firefox"
           tests="2"
           failures="2"
           errors="0"
           skipped="0"
           time="12.351">
  <properties />
            <testcase name="AT_Verify_ReportNewIssue" time="6.658" classname="com.compugain.testcases.MantisTestCases">
                <failure type="org.openqa.selenium.JavascriptException"
                  message="Error: Permission denied to access property &quot;style&quot;
Build info: version: &apos;3.0.1&apos;, revision: &apos;1969d75&apos;, time: &apos;2016-10-18 09:49:13 -0700&apos;
System info: host: &apos;01DTP0046&apos;, ip: &apos;172.24.12.169&apos;, os.name: &apos;Windows 7&apos;, os.arch: &apos;amd64&apos;, os.version: &apos;6.1&apos;, java.version: &apos;1.8.0_121&apos;
Driver info: org.openqa.selenium.firefox.FirefoxDriver
Capabilities [{rotatable=false, raisesAccessibilityExceptions=false, marionette=true, firefoxOptions={args=[], prefs={}}, appBuildId=20161031133903, version=, platform=XP, proxy={}, command_id=1, specificationLevel=0, acceptSslCerts=false, browserVersion=47.0.2, platformVersion=6.1, XULappId={ec8030f7-c20a-464f-9b0e-13a3a9e97384}, browserName=Firefox, takesScreenshot=true, takesElementScreenshot=true, platformName=Windows_NT, device=desktop}]
Session ID: 428a1396-0650-44e2-a5bc-fd28f095653c"
              >
<![CDATA[org.openqa.selenium.JavascriptException: Error: Permission denied to access property "style"
Build info: version: '3.0.1', revision: '1969d75', time: '2016-10-18 09:49:13 -0700'
System info: host: '01DTP0046', ip: '172.24.12.169', os.name: 'Windows 7', os.arch: 'amd64', os.version: '6.1', java.version: '1.8.0_121'
Driver info: org.openqa.selenium.firefox.FirefoxDriver
Capabilities [{rotatable=false, raisesAccessibilityExceptions=false, marionette=true, firefoxOptions={args=[], prefs={}}, appBuildId=20161031133903, version=, platform=XP, proxy={}, command_id=1, specificationLevel=0, acceptSslCerts=false, browserVersion=47.0.2, platformVersion=6.1, XULappId={ec8030f7-c20a-464f-9b0e-13a3a9e97384}, browserName=Firefox, takesScreenshot=true, takesElementScreenshot=true, platformName=Windows_NT, device=desktop}]
Session ID: 428a1396-0650-44e2-a5bc-fd28f095653c
  sun.reflect.NativeConstructorAccessorImpl.newInstance0(Native Method)
  sun.reflect.NativeConstructorAccessorImpl.newInstance(NativeConstructorAccessorImpl.java:62)
  sun.reflect.DelegatingConstructorAccessorImpl.newInstance(DelegatingConstructorAccessorImpl.java:45)
  java.lang.reflect.Constructor.newInstance(Constructor.java:423)
  org.openqa.selenium.remote.http.W3CHttpResponseCodec.createException(W3CHttpResponseCodec.java:127)
  org.openqa.selenium.remote.http.W3CHttpResponseCodec.decode(W3CHttpResponseCodec.java:93)
  org.openqa.selenium.remote.http.W3CHttpResponseCodec.decode(W3CHttpResponseCodec.java:42)
  org.openqa.selenium.remote.HttpCommandExecutor.execute(HttpCommandExecutor.java:163)
  org.openqa.selenium.remote.service.DriverCommandExecutor.execute(DriverCommandExecutor.java:82)
  org.openqa.selenium.remote.RemoteWebDriver.execute(RemoteWebDriver.java:601)
  org.openqa.selenium.remote.RemoteWebDriver.executeScript(RemoteWebDriver.java:537)
  com.ceiwc.compugain.funUtil.WebElements.highLight_perform(WebElements.java:655)
  com.ceiwc.compugain.funUtil.WebElements.enterText(WebElements.java:684)
  com.ceiwc.compugain.pageobjects.MantisLoginPage.enterUserName(MantisLoginPage.java:45)
  com.ceiwc.compugain.pageobjects.MantisLoginPage.loginas(MantisLoginPage.java:32)
  com.compugain.testcases.MantisTestCases.AT_Verify_ReportNewIssue(MantisTestCases.java:54)
  sun.reflect.NativeMethodAccessorImpl.invoke0(Native Method)
  sun.reflect.NativeMethodAccessorImpl.invoke(NativeMethodAccessorImpl.java:62)
  sun.reflect.DelegatingMethodAccessorImpl.invoke(DelegatingMethodAccessorImpl.java:43)
  java.lang.reflect.Method.invoke(Method.java:498)
  org.testng.internal.MethodInvocationHelper.invokeMethod(MethodInvocationHelper.java:100)
  org.testng.internal.Invoker.invokeMethod(Invoker.java:646)
  org.testng.internal.Invoker.invokeTestMethod(Invoker.java:811)
  org.testng.internal.Invoker.invokeTestMethods(Invoker.java:1129)
  org.testng.internal.TestMethodWorker.invokeTestMethods(TestMethodWorker.java:129)
  org.testng.internal.TestMethodWorker.run(TestMethodWorker.java:112)
  org.testng.TestRunner.privateRun(TestRunner.java:746)
  org.testng.TestRunner.run(TestRunner.java:600)
  org.testng.SuiteRunner.runTest(SuiteRunner.java:366)
  org.testng.SuiteRunner.runSequentially(SuiteRunner.java:361)
  org.testng.SuiteRunner.privateRun(SuiteRunner.java:319)
  org.testng.SuiteRunner.run(SuiteRunner.java:268)
  org.testng.SuiteRunnerWorker.runSuite(SuiteRunnerWorker.java:52)
  org.testng.SuiteRunnerWorker.run(SuiteRunnerWorker.java:86)
  org.testng.TestNG.runSuitesSequentially(TestNG.java:1264)
  org.testng.TestNG.runSuitesLocally(TestNG.java:1189)
  org.testng.TestNG.runSuites(TestNG.java:1104)
  org.testng.TestNG.run(TestNG.java:1076)
  org.testng.remote.AbstractRemoteTestNG.run(AbstractRemoteTestNG.java:126)
  org.testng.remote.RemoteTestNG.initAndRun(RemoteTestNG.java:152)
  org.testng.remote.RemoteTestNG.main(RemoteTestNG.java:57)
]]>
      </failure>

          </testcase>
            <testcase name="AT_Verify_UpdateIssueStatus" time="5.693" classname="com.compugain.testcases.MantisTestCases">
                <failure type="org.openqa.selenium.JavascriptException"
                  message="Error: Permission denied to access property &quot;style&quot;
Build info: version: &apos;3.0.1&apos;, revision: &apos;1969d75&apos;, time: &apos;2016-10-18 09:49:13 -0700&apos;
System info: host: &apos;01DTP0046&apos;, ip: &apos;172.24.12.169&apos;, os.name: &apos;Windows 7&apos;, os.arch: &apos;amd64&apos;, os.version: &apos;6.1&apos;, java.version: &apos;1.8.0_121&apos;
Driver info: org.openqa.selenium.firefox.FirefoxDriver
Capabilities [{rotatable=false, raisesAccessibilityExceptions=false, marionette=true, firefoxOptions={args=[], prefs={}}, appBuildId=20161031133903, version=, platform=XP, proxy={}, command_id=1, specificationLevel=0, acceptSslCerts=false, browserVersion=47.0.2, platformVersion=6.1, XULappId={ec8030f7-c20a-464f-9b0e-13a3a9e97384}, browserName=Firefox, takesScreenshot=true, takesElementScreenshot=true, platformName=Windows_NT, device=desktop}]
Session ID: d6c3b95c-a663-46a5-8e47-ae1cdc251c7e"
              >
<![CDATA[org.openqa.selenium.JavascriptException: Error: Permission denied to access property "style"
Build info: version: '3.0.1', revision: '1969d75', time: '2016-10-18 09:49:13 -0700'
System info: host: '01DTP0046', ip: '172.24.12.169', os.name: 'Windows 7', os.arch: 'amd64', os.version: '6.1', java.version: '1.8.0_121'
Driver info: org.openqa.selenium.firefox.FirefoxDriver
Capabilities [{rotatable=false, raisesAccessibilityExceptions=false, marionette=true, firefoxOptions={args=[], prefs={}}, appBuildId=20161031133903, version=, platform=XP, proxy={}, command_id=1, specificationLevel=0, acceptSslCerts=false, browserVersion=47.0.2, platformVersion=6.1, XULappId={ec8030f7-c20a-464f-9b0e-13a3a9e97384}, browserName=Firefox, takesScreenshot=true, takesElementScreenshot=true, platformName=Windows_NT, device=desktop}]
Session ID: d6c3b95c-a663-46a5-8e47-ae1cdc251c7e
  sun.reflect.NativeConstructorAccessorImpl.newInstance0(Native Method)
  sun.reflect.NativeConstructorAccessorImpl.newInstance(NativeConstructorAccessorImpl.java:62)
  sun.reflect.DelegatingConstructorAccessorImpl.newInstance(DelegatingConstructorAccessorImpl.java:45)
  java.lang.reflect.Constructor.newInstance(Constructor.java:423)
  org.openqa.selenium.remote.http.W3CHttpResponseCodec.createException(W3CHttpResponseCodec.java:127)
  org.openqa.selenium.remote.http.W3CHttpResponseCodec.decode(W3CHttpResponseCodec.java:93)
  org.openqa.selenium.remote.http.W3CHttpResponseCodec.decode(W3CHttpResponseCodec.java:42)
  org.openqa.selenium.remote.HttpCommandExecutor.execute(HttpCommandExecutor.java:163)
  org.openqa.selenium.remote.service.DriverCommandExecutor.execute(DriverCommandExecutor.java:82)
  org.openqa.selenium.remote.RemoteWebDriver.execute(RemoteWebDriver.java:601)
  org.openqa.selenium.remote.RemoteWebDriver.executeScript(RemoteWebDriver.java:537)
  com.ceiwc.compugain.funUtil.WebElements.highLight_perform(WebElements.java:655)
  com.ceiwc.compugain.funUtil.WebElements.enterText(WebElements.java:684)
  com.ceiwc.compugain.pageobjects.MantisLoginPage.enterUserName(MantisLoginPage.java:45)
  com.ceiwc.compugain.pageobjects.MantisLoginPage.loginas(MantisLoginPage.java:32)
  com.compugain.testcases.MantisTestCases.AT_Verify_UpdateIssueStatus(MantisTestCases.java:84)
  sun.reflect.NativeMethodAccessorImpl.invoke0(Native Method)
  sun.reflect.NativeMethodAccessorImpl.invoke(NativeMethodAccessorImpl.java:62)
  sun.reflect.DelegatingMethodAccessorImpl.invoke(DelegatingMethodAccessorImpl.java:43)
  java.lang.reflect.Method.invoke(Method.java:498)
  org.testng.internal.MethodInvocationHelper.invokeMethod(MethodInvocationHelper.java:100)
  org.testng.internal.Invoker.invokeMethod(Invoker.java:646)
  org.testng.internal.Invoker.invokeTestMethod(Invoker.java:811)
  org.testng.internal.Invoker.invokeTestMethods(Invoker.java:1129)
  org.testng.internal.TestMethodWorker.invokeTestMethods(TestMethodWorker.java:129)
  org.testng.internal.TestMethodWorker.run(TestMethodWorker.java:112)
  org.testng.TestRunner.privateRun(TestRunner.java:746)
  org.testng.TestRunner.run(TestRunner.java:600)
  org.testng.SuiteRunner.runTest(SuiteRunner.java:366)
  org.testng.SuiteRunner.runSequentially(SuiteRunner.java:361)
  org.testng.SuiteRunner.privateRun(SuiteRunner.java:319)
  org.testng.SuiteRunner.run(SuiteRunner.java:268)
  org.testng.SuiteRunnerWorker.runSuite(SuiteRunnerWorker.java:52)
  org.testng.SuiteRunnerWorker.run(SuiteRunnerWorker.java:86)
  org.testng.TestNG.runSuitesSequentially(TestNG.java:1264)
  org.testng.TestNG.runSuitesLocally(TestNG.java:1189)
  org.testng.TestNG.runSuites(TestNG.java:1104)
  org.testng.TestNG.run(TestNG.java:1076)
  org.testng.remote.AbstractRemoteTestNG.run(AbstractRemoteTestNG.java:126)
  org.testng.remote.RemoteTestNG.initAndRun(RemoteTestNG.java:152)
  org.testng.remote.RemoteTestNG.main(RemoteTestNG.java:57)
]]>
      </failure>

          </testcase>
  
  
  
</testsuite>
